<?xml version="1.0" encoding="UTF-8"?>
<!-- Generated by org.testng.reporters.JUnitXMLReporter -->
<testsuite hostname="DESKTOP-FGI3ROV" name="Test" tests="6" failures="0" timestamp="21 Nov 2019 11:09:02 GMT" time="149.221" errors="0">
  <testcase name="signUpLinkTest" time="5.201" classname="com.qa.test.HomepageTest"/>
  <testcase name="contactLinkTest" time="4.281" classname="com.qa.test.HomepageTest"/>
  <testcase name="customersLinkTest" time="3.859" classname="com.qa.test.HomepageTest"/>
  <testcase name="pricingLinkTest" time="5.01" classname="com.qa.test.HomepageTest"/>
  <testcase name="featuresLinkTest" time="14.127" classname="com.qa.test.HomepageTest"/>
  <testcase name="crmLogoTest" time="8.242" classname="com.qa.test.HomepageTest"/>
</testsuite> <!-- Test -->
