<?xml version="1.0" encoding="UTF-8"?>
<testng-results skipped="5" failed="1" total="6" passed="0">
  <reporter-output>
  </reporter-output>
  <suite name="Default suite" duration-ms="503" started-at="2019-11-19T13:16:30Z" finished-at="2019-11-19T13:16:31Z">
    <groups>
    </groups>
    <test name="Default test" duration-ms="503" started-at="2019-11-19T13:16:30Z" finished-at="2019-11-19T13:16:31Z">
      <class name="com.qa.test.HomepageTest">
        <test-method status="PASS" signature="setUp()[pri:0, instance:com.qa.test.HomepageTest@2ff4f00f]" name="setUp" is-config="true" duration-ms="316" started-at="2019-11-19T18:46:30Z" finished-at="2019-11-19T18:46:31Z">
          <reporter-output>
          </reporter-output>
        </test-method> <!-- setUp -->
        <test-method status="FAIL" signature="signUpLinkTest()[pri:1, instance:com.qa.test.HomepageTest@2ff4f00f]" name="signUpLinkTest" duration-ms="128" started-at="2019-11-19T18:46:31Z" finished-at="2019-11-19T18:46:31Z">
          <exception class="java.lang.NullPointerException">
            <full-stacktrace>
              <![CDATA[java.lang.NullPointerException
	at java.util.Objects.requireNonNull(Unknown Source)
	at org.openqa.selenium.support.ui.FluentWait.<init>(FluentWait.java:106)
	at org.openqa.selenium.support.ui.WebDriverWait.<init>(WebDriverWait.java:85)
	at org.openqa.selenium.support.ui.WebDriverWait.<init>(WebDriverWait.java:45)
	at com.qa.pages.HomePage.clickOnSignUpLink(HomePage.java:39)
	at com.qa.test.HomepageTest.signUpLinkTest(HomepageTest.java:41)
	at sun.reflect.NativeMethodAccessorImpl.invoke0(Native Method)
	at sun.reflect.NativeMethodAccessorImpl.invoke(Unknown Source)
	at sun.reflect.DelegatingMethodAccessorImpl.invoke(Unknown Source)
	at java.lang.reflect.Method.invoke(Unknown Source)
	at org.testng.internal.MethodInvocationHelper.invokeMethod(MethodInvocationHelper.java:86)
	at org.testng.internal.Invoker.invokeMethod(Invoker.java:645)
	at org.testng.internal.Invoker.invokeTestMethod(Invoker.java:822)
	at org.testng.internal.Invoker.invokeTestMethods(Invoker.java:1130)
	at org.testng.internal.TestMethodWorker.invokeTestMethods(TestMethodWorker.java:129)
	at org.testng.internal.TestMethodWorker.run(TestMethodWorker.java:112)
	at org.testng.TestRunner.privateRun(TestRunner.java:782)
	at org.testng.TestRunner.run(TestRunner.java:632)
	at org.testng.SuiteRunner.runTest(SuiteRunner.java:366)
	at org.testng.SuiteRunner.runSequentially(SuiteRunner.java:361)
	at org.testng.SuiteRunner.privateRun(SuiteRunner.java:319)
	at org.testng.SuiteRunner.run(SuiteRunner.java:268)
	at org.testng.SuiteRunnerWorker.runSuite(SuiteRunnerWorker.java:52)
	at org.testng.SuiteRunnerWorker.run(SuiteRunnerWorker.java:86)
	at org.testng.TestNG.runSuitesSequentially(TestNG.java:1244)
	at org.testng.TestNG.runSuitesLocally(TestNG.java:1169)
	at org.testng.TestNG.run(TestNG.java:1064)
	at org.testng.remote.RemoteTestNG.run(RemoteTestNG.java:113)
	at org.testng.remote.RemoteTestNG.initAndRun(RemoteTestNG.java:206)
	at org.testng.remote.RemoteTestNG.main(RemoteTestNG.java:177)
]]>
            </full-stacktrace>
          </exception> <!-- java.lang.NullPointerException -->
          <reporter-output>
          </reporter-output>
        </test-method> <!-- signUpLinkTest -->
        <test-method status="FAIL" signature="tearDown(org.testng.ITestResult)[pri:0, instance:com.qa.test.HomepageTest@2ff4f00f]" name="tearDown" is-config="true" duration-ms="0" started-at="2019-11-19T18:46:31Z" finished-at="2019-11-19T18:46:31Z">
          <params>
            <param index="0">
              <value>
                <![CDATA[[TestResult name=signUpLinkTest status=FAILURE method=HomepageTest.signUpLinkTest()[pri:1, instance:com.qa.test.HomepageTest@2ff4f00f] output={null}]]]>
              </value>
            </param>
          </params>
          <exception class="java.lang.NullPointerException">
            <full-stacktrace>
              <![CDATA[java.lang.NullPointerException
	at com.qa.lib.Helper.screenShot(Helper.java:20)
	at com.qa.test.HomepageTest.tearDown(HomepageTest.java:118)
	at sun.reflect.NativeMethodAccessorImpl.invoke0(Native Method)
	at sun.reflect.NativeMethodAccessorImpl.invoke(Unknown Source)
	at sun.reflect.DelegatingMethodAccessorImpl.invoke(Unknown Source)
	at java.lang.reflect.Method.invoke(Unknown Source)
	at org.testng.internal.MethodInvocationHelper.invokeMethod(MethodInvocationHelper.java:86)
	at org.testng.internal.Invoker.invokeConfigurationMethod(Invoker.java:514)
	at org.testng.internal.Invoker.invokeConfigurations(Invoker.java:215)
	at org.testng.internal.Invoker.invokeMethod(Invoker.java:709)
	at org.testng.internal.Invoker.invokeTestMethod(Invoker.java:822)
	at org.testng.internal.Invoker.invokeTestMethods(Invoker.java:1130)
	at org.testng.internal.TestMethodWorker.invokeTestMethods(TestMethodWorker.java:129)
	at org.testng.internal.TestMethodWorker.run(TestMethodWorker.java:112)
	at org.testng.TestRunner.privateRun(TestRunner.java:782)
	at org.testng.TestRunner.run(TestRunner.java:632)
	at org.testng.SuiteRunner.runTest(SuiteRunner.java:366)
	at org.testng.SuiteRunner.runSequentially(SuiteRunner.java:361)
	at org.testng.SuiteRunner.privateRun(SuiteRunner.java:319)
	at org.testng.SuiteRunner.run(SuiteRunner.java:268)
	at org.testng.SuiteRunnerWorker.runSuite(SuiteRunnerWorker.java:52)
	at org.testng.SuiteRunnerWorker.run(SuiteRunnerWorker.java:86)
	at org.testng.TestNG.runSuitesSequentially(TestNG.java:1244)
	at org.testng.TestNG.runSuitesLocally(TestNG.java:1169)
	at org.testng.TestNG.run(TestNG.java:1064)
	at org.testng.remote.RemoteTestNG.run(RemoteTestNG.java:113)
	at org.testng.remote.RemoteTestNG.initAndRun(RemoteTestNG.java:206)
	at org.testng.remote.RemoteTestNG.main(RemoteTestNG.java:177)
]]>
            </full-stacktrace>
          </exception> <!-- java.lang.NullPointerException -->
          <reporter-output>
          </reporter-output>
        </test-method> <!-- tearDown -->
        <test-method status="SKIP" signature="setUp()[pri:0, instance:com.qa.test.HomepageTest@2ff4f00f]" name="setUp" is-config="true" duration-ms="0" started-at="2019-11-19T18:46:31Z" finished-at="2019-11-19T18:46:31Z">
          <reporter-output>
          </reporter-output>
        </test-method> <!-- setUp -->
        <test-method status="SKIP" signature="contactLinkTest()[pri:2, instance:com.qa.test.HomepageTest@2ff4f00f]" name="contactLinkTest" duration-ms="2" started-at="2019-11-19T18:46:31Z" finished-at="2019-11-19T18:46:31Z">
          <reporter-output>
          </reporter-output>
        </test-method> <!-- contactLinkTest -->
        <test-method status="SKIP" signature="tearDown(org.testng.ITestResult)[pri:0, instance:com.qa.test.HomepageTest@2ff4f00f]" name="tearDown" is-config="true" duration-ms="0" started-at="2019-11-19T18:46:31Z" finished-at="2019-11-19T18:46:31Z">
          <reporter-output>
          </reporter-output>
        </test-method> <!-- tearDown -->
        <test-method status="SKIP" signature="setUp()[pri:0, instance:com.qa.test.HomepageTest@2ff4f00f]" name="setUp" is-config="true" duration-ms="0" started-at="2019-11-19T18:46:31Z" finished-at="2019-11-19T18:46:31Z">
          <reporter-output>
          </reporter-output>
        </test-method> <!-- setUp -->
        <test-method status="SKIP" signature="customersLinkTest()[pri:3, instance:com.qa.test.HomepageTest@2ff4f00f]" name="customersLinkTest" duration-ms="1" started-at="2019-11-19T18:46:31Z" finished-at="2019-11-19T18:46:31Z">
          <reporter-output>
          </reporter-output>
        </test-method> <!-- customersLinkTest -->
        <test-method status="SKIP" signature="tearDown(org.testng.ITestResult)[pri:0, instance:com.qa.test.HomepageTest@2ff4f00f]" name="tearDown" is-config="true" duration-ms="0" started-at="2019-11-19T18:46:31Z" finished-at="2019-11-19T18:46:31Z">
          <reporter-output>
          </reporter-output>
        </test-method> <!-- tearDown -->
        <test-method status="SKIP" signature="setUp()[pri:0, instance:com.qa.test.HomepageTest@2ff4f00f]" name="setUp" is-config="true" duration-ms="0" started-at="2019-11-19T18:46:31Z" finished-at="2019-11-19T18:46:31Z">
          <reporter-output>
          </reporter-output>
        </test-method> <!-- setUp -->
        <test-method status="SKIP" signature="pricingLinkTest()[pri:4, instance:com.qa.test.HomepageTest@2ff4f00f]" name="pricingLinkTest" duration-ms="1" started-at="2019-11-19T18:46:31Z" finished-at="2019-11-19T18:46:31Z">
          <reporter-output>
          </reporter-output>
        </test-method> <!-- pricingLinkTest -->
        <test-method status="SKIP" signature="tearDown(org.testng.ITestResult)[pri:0, instance:com.qa.test.HomepageTest@2ff4f00f]" name="tearDown" is-config="true" duration-ms="0" started-at="2019-11-19T18:46:31Z" finished-at="2019-11-19T18:46:31Z">
          <reporter-output>
          </reporter-output>
        </test-method> <!-- tearDown -->
        <test-method status="SKIP" signature="setUp()[pri:0, instance:com.qa.test.HomepageTest@2ff4f00f]" name="setUp" is-config="true" duration-ms="0" started-at="2019-11-19T18:46:31Z" finished-at="2019-11-19T18:46:31Z">
          <reporter-output>
          </reporter-output>
        </test-method> <!-- setUp -->
        <test-method status="SKIP" signature="featuresLinkTest()[pri:5, instance:com.qa.test.HomepageTest@2ff4f00f]" name="featuresLinkTest" duration-ms="0" started-at="2019-11-19T18:46:31Z" finished-at="2019-11-19T18:46:31Z">
          <reporter-output>
          </reporter-output>
        </test-method> <!-- featuresLinkTest -->
        <test-method status="SKIP" signature="tearDown(org.testng.ITestResult)[pri:0, instance:com.qa.test.HomepageTest@2ff4f00f]" name="tearDown" is-config="true" duration-ms="0" started-at="2019-11-19T18:46:31Z" finished-at="2019-11-19T18:46:31Z">
          <reporter-output>
          </reporter-output>
        </test-method> <!-- tearDown -->
        <test-method status="SKIP" signature="setUp()[pri:0, instance:com.qa.test.HomepageTest@2ff4f00f]" name="setUp" is-config="true" duration-ms="0" started-at="2019-11-19T18:46:31Z" finished-at="2019-11-19T18:46:31Z">
          <reporter-output>
          </reporter-output>
        </test-method> <!-- setUp -->
        <test-method status="SKIP" signature="crmLogoTest()[pri:6, instance:com.qa.test.HomepageTest@2ff4f00f]" name="crmLogoTest" duration-ms="1" started-at="2019-11-19T18:46:31Z" finished-at="2019-11-19T18:46:31Z">
          <reporter-output>
          </reporter-output>
        </test-method> <!-- crmLogoTest -->
        <test-method status="SKIP" signature="tearDown(org.testng.ITestResult)[pri:0, instance:com.qa.test.HomepageTest@2ff4f00f]" name="tearDown" is-config="true" duration-ms="0" started-at="2019-11-19T18:46:31Z" finished-at="2019-11-19T18:46:31Z">
          <reporter-output>
          </reporter-output>
        </test-method> <!-- tearDown -->
      </class> <!-- com.qa.test.HomepageTest -->
    </test> <!-- Default test -->
  </suite> <!-- Default suite -->
</testng-results>
