<?xml version="1.0" encoding="UTF-8"?>
<testng-results skipped="0" failed="0" total="6" passed="6">
  <reporter-output>
  </reporter-output>
  <suite name="Suite" duration-ms="149221" started-at="2019-11-21T11:06:33Z" finished-at="2019-11-21T11:09:02Z">
    <groups>
    </groups>
    <test name="Test" duration-ms="149221" started-at="2019-11-21T11:06:33Z" finished-at="2019-11-21T11:09:02Z">
      <class name="com.qa.test.HomepageTest">
        <test-method status="PASS" signature="setUp()[pri:0, instance:com.qa.test.HomepageTest@2ff4f00f]" name="setUp" is-config="true" duration-ms="17652" started-at="2019-11-21T16:36:33Z" finished-at="2019-11-21T16:36:51Z">
          <reporter-output>
          </reporter-output>
        </test-method> <!-- setUp -->
        <test-method status="PASS" signature="signUpLinkTest()[pri:1, instance:com.qa.test.HomepageTest@2ff4f00f]" name="signUpLinkTest" duration-ms="5201" started-at="2019-11-21T16:36:51Z" finished-at="2019-11-21T16:36:56Z">
          <reporter-output>
          </reporter-output>
        </test-method> <!-- signUpLinkTest -->
        <test-method status="PASS" signature="tearDown(org.testng.ITestResult)[pri:0, instance:com.qa.test.HomepageTest@2ff4f00f]" name="tearDown" is-config="true" duration-ms="1494" started-at="2019-11-21T16:36:56Z" finished-at="2019-11-21T16:36:57Z">
          <params>
            <param index="0">
              <value>
                <![CDATA[[TestResult name=signUpLinkTest status=SUCCESS method=HomepageTest.signUpLinkTest()[pri:1, instance:com.qa.test.HomepageTest@2ff4f00f] output={null}]]]>
              </value>
            </param>
          </params>
          <reporter-output>
          </reporter-output>
        </test-method> <!-- tearDown -->
        <test-method status="PASS" signature="setUp()[pri:0, instance:com.qa.test.HomepageTest@2ff4f00f]" name="setUp" is-config="true" duration-ms="17118" started-at="2019-11-21T16:36:57Z" finished-at="2019-11-21T16:37:15Z">
          <reporter-output>
          </reporter-output>
        </test-method> <!-- setUp -->
        <test-method status="PASS" signature="contactLinkTest()[pri:2, instance:com.qa.test.HomepageTest@2ff4f00f]" name="contactLinkTest" duration-ms="4281" started-at="2019-11-21T16:37:15Z" finished-at="2019-11-21T16:37:19Z">
          <reporter-output>
          </reporter-output>
        </test-method> <!-- contactLinkTest -->
        <test-method status="PASS" signature="tearDown(org.testng.ITestResult)[pri:0, instance:com.qa.test.HomepageTest@2ff4f00f]" name="tearDown" is-config="true" duration-ms="1524" started-at="2019-11-21T16:37:19Z" finished-at="2019-11-21T16:37:20Z">
          <params>
            <param index="0">
              <value>
                <![CDATA[[TestResult name=contactLinkTest status=SUCCESS method=HomepageTest.contactLinkTest()[pri:2, instance:com.qa.test.HomepageTest@2ff4f00f] output={null}]]]>
              </value>
            </param>
          </params>
          <reporter-output>
          </reporter-output>
        </test-method> <!-- tearDown -->
        <test-method status="PASS" signature="setUp()[pri:0, instance:com.qa.test.HomepageTest@2ff4f00f]" name="setUp" is-config="true" duration-ms="15539" started-at="2019-11-21T16:37:20Z" finished-at="2019-11-21T16:37:36Z">
          <reporter-output>
          </reporter-output>
        </test-method> <!-- setUp -->
        <test-method status="PASS" signature="customersLinkTest()[pri:3, instance:com.qa.test.HomepageTest@2ff4f00f]" name="customersLinkTest" duration-ms="3859" started-at="2019-11-21T16:37:36Z" finished-at="2019-11-21T16:37:40Z">
          <reporter-output>
          </reporter-output>
        </test-method> <!-- customersLinkTest -->
        <test-method status="PASS" signature="tearDown(org.testng.ITestResult)[pri:0, instance:com.qa.test.HomepageTest@2ff4f00f]" name="tearDown" is-config="true" duration-ms="894" started-at="2019-11-21T16:37:40Z" finished-at="2019-11-21T16:37:41Z">
          <params>
            <param index="0">
              <value>
                <![CDATA[[TestResult name=customersLinkTest status=SUCCESS method=HomepageTest.customersLinkTest()[pri:3, instance:com.qa.test.HomepageTest@2ff4f00f] output={null}]]]>
              </value>
            </param>
          </params>
          <reporter-output>
          </reporter-output>
        </test-method> <!-- tearDown -->
        <test-method status="PASS" signature="setUp()[pri:0, instance:com.qa.test.HomepageTest@2ff4f00f]" name="setUp" is-config="true" duration-ms="17048" started-at="2019-11-21T16:37:41Z" finished-at="2019-11-21T16:37:58Z">
          <reporter-output>
          </reporter-output>
        </test-method> <!-- setUp -->
        <test-method status="PASS" signature="pricingLinkTest()[pri:4, instance:com.qa.test.HomepageTest@2ff4f00f]" name="pricingLinkTest" duration-ms="5010" started-at="2019-11-21T16:37:58Z" finished-at="2019-11-21T16:38:03Z">
          <reporter-output>
          </reporter-output>
        </test-method> <!-- pricingLinkTest -->
        <test-method status="PASS" signature="tearDown(org.testng.ITestResult)[pri:0, instance:com.qa.test.HomepageTest@2ff4f00f]" name="tearDown" is-config="true" duration-ms="914" started-at="2019-11-21T16:38:03Z" finished-at="2019-11-21T16:38:04Z">
          <params>
            <param index="0">
              <value>
                <![CDATA[[TestResult name=pricingLinkTest status=SUCCESS method=HomepageTest.pricingLinkTest()[pri:4, instance:com.qa.test.HomepageTest@2ff4f00f] output={null}]]]>
              </value>
            </param>
          </params>
          <reporter-output>
          </reporter-output>
        </test-method> <!-- tearDown -->
        <test-method status="PASS" signature="setUp()[pri:0, instance:com.qa.test.HomepageTest@2ff4f00f]" name="setUp" is-config="true" duration-ms="18457" started-at="2019-11-21T16:38:04Z" finished-at="2019-11-21T16:38:22Z">
          <reporter-output>
          </reporter-output>
        </test-method> <!-- setUp -->
        <test-method status="PASS" signature="featuresLinkTest()[pri:5, instance:com.qa.test.HomepageTest@2ff4f00f]" name="featuresLinkTest" duration-ms="14127" started-at="2019-11-21T16:38:22Z" finished-at="2019-11-21T16:38:36Z">
          <reporter-output>
          </reporter-output>
        </test-method> <!-- featuresLinkTest -->
        <test-method status="PASS" signature="tearDown(org.testng.ITestResult)[pri:0, instance:com.qa.test.HomepageTest@2ff4f00f]" name="tearDown" is-config="true" duration-ms="975" started-at="2019-11-21T16:38:36Z" finished-at="2019-11-21T16:38:37Z">
          <params>
            <param index="0">
              <value>
                <![CDATA[[TestResult name=featuresLinkTest status=SUCCESS method=HomepageTest.featuresLinkTest()[pri:5, instance:com.qa.test.HomepageTest@2ff4f00f] output={null}]]]>
              </value>
            </param>
          </params>
          <reporter-output>
          </reporter-output>
        </test-method> <!-- tearDown -->
        <test-method status="PASS" signature="setUp()[pri:0, instance:com.qa.test.HomepageTest@2ff4f00f]" name="setUp" is-config="true" duration-ms="15922" started-at="2019-11-21T16:38:37Z" finished-at="2019-11-21T16:38:53Z">
          <reporter-output>
          </reporter-output>
        </test-method> <!-- setUp -->
        <test-method status="PASS" signature="crmLogoTest()[pri:6, instance:com.qa.test.HomepageTest@2ff4f00f]" name="crmLogoTest" duration-ms="8242" started-at="2019-11-21T16:38:53Z" finished-at="2019-11-21T16:39:01Z">
          <reporter-output>
          </reporter-output>
        </test-method> <!-- crmLogoTest -->
        <test-method status="PASS" signature="tearDown(org.testng.ITestResult)[pri:0, instance:com.qa.test.HomepageTest@2ff4f00f]" name="tearDown" is-config="true" duration-ms="929" started-at="2019-11-21T16:39:01Z" finished-at="2019-11-21T16:39:02Z">
          <params>
            <param index="0">
              <value>
                <![CDATA[[TestResult name=crmLogoTest status=SUCCESS method=HomepageTest.crmLogoTest()[pri:6, instance:com.qa.test.HomepageTest@2ff4f00f] output={null}]]]>
              </value>
            </param>
          </params>
          <reporter-output>
          </reporter-output>
        </test-method> <!-- tearDown -->
      </class> <!-- com.qa.test.HomepageTest -->
    </test> <!-- Test -->
  </suite> <!-- Suite -->
</testng-results>
